mode: set
lesgoobackend/feature/groups/usecase/logic.go:19.143,22.100 3 0
lesgoobackend/feature/groups/usecase/logic.go:26.2,28.16 3 0
lesgoobackend/feature/groups/usecase/logic.go:32.2,32.27 1 0
lesgoobackend/feature/groups/usecase/logic.go:22.100,24.3 1 0
lesgoobackend/feature/groups/usecase/logic.go:28.16,30.3 1 0
lesgoobackend/feature/groups/usecase/logic.go:35.115,38.2 2 1
lesgoobackend/feature/groups/usecase/logic.go:41.72,43.16 2 1
lesgoobackend/feature/groups/usecase/logic.go:47.2,47.12 1 1
lesgoobackend/feature/groups/usecase/logic.go:43.16,45.3 1 1
lesgoobackend/feature/groups/usecase/logic.go:51.73,53.16 2 0
lesgoobackend/feature/groups/usecase/logic.go:57.2,59.20 3 0
lesgoobackend/feature/groups/usecase/logic.go:63.2,63.22 1 0
lesgoobackend/feature/groups/usecase/logic.go:53.16,55.3 1 0
lesgoobackend/feature/groups/usecase/logic.go:59.20,61.3 1 0
lesgoobackend/feature/groups/usecase/logic.go:67.72,68.107 1 0
lesgoobackend/feature/groups/usecase/logic.go:72.2,73.16 2 0
lesgoobackend/feature/groups/usecase/logic.go:77.2,77.12 1 0
lesgoobackend/feature/groups/usecase/logic.go:68.107,70.3 1 0
lesgoobackend/feature/groups/usecase/logic.go:73.16,75.3 1 0
lesgoobackend/feature/groups/usecase/logic.go:81.64,82.117 1 1
lesgoobackend/feature/groups/usecase/logic.go:86.2,87.16 2 0
lesgoobackend/feature/groups/usecase/logic.go:91.2,91.12 1 0
lesgoobackend/feature/groups/usecase/logic.go:82.117,84.3 1 1
lesgoobackend/feature/groups/usecase/logic.go:87.16,89.3 1 0
lesgoobackend/feature/groups/usecase/logic.go:94.51,98.2 1 1
lesgoobackend/feature/chats/usecase/logic.go:18.49,22.2 1 1
lesgoobackend/feature/chats/usecase/logic.go:24.55,27.2 2 1
lesgoobackend/feature/chats/usecase/logic.go:29.69,38.16 5 0
lesgoobackend/feature/chats/usecase/logic.go:42.2,43.16 2 0
lesgoobackend/feature/chats/usecase/logic.go:47.2,66.16 3 0
lesgoobackend/feature/chats/usecase/logic.go:74.2,74.35 1 0
lesgoobackend/feature/chats/usecase/logic.go:38.16,40.3 1 0
lesgoobackend/feature/chats/usecase/logic.go:43.16,45.3 1 0
lesgoobackend/feature/chats/usecase/logic.go:66.16,68.3 1 0
lesgoobackend/feature/group_users/usecase/logic.go:19.63,23.2 1 1
lesgoobackend/feature/group_users/usecase/logic.go:26.69,27.46 1 1
lesgoobackend/feature/group_users/usecase/logic.go:31.2,32.16 2 1
lesgoobackend/feature/group_users/usecase/logic.go:36.2,36.12 1 1
lesgoobackend/feature/group_users/usecase/logic.go:27.46,29.3 1 1
lesgoobackend/feature/group_users/usecase/logic.go:32.16,34.3 1 0
lesgoobackend/feature/group_users/usecase/logic.go:40.68,41.70 1 1
lesgoobackend/feature/group_users/usecase/logic.go:45.2,46.16 2 1
lesgoobackend/feature/group_users/usecase/logic.go:50.2,50.12 1 1
lesgoobackend/feature/group_users/usecase/logic.go:41.70,43.3 1 1
lesgoobackend/feature/group_users/usecase/logic.go:46.16,48.3 1 0
lesgoobackend/feature/group_users/usecase/logic.go:53.73,55.16 2 0
lesgoobackend/feature/group_users/usecase/logic.go:59.2,67.16 6 0
lesgoobackend/feature/group_users/usecase/logic.go:71.2,72.16 2 0
lesgoobackend/feature/group_users/usecase/logic.go:76.2,84.16 3 0
lesgoobackend/feature/group_users/usecase/logic.go:88.2,88.47 1 0
lesgoobackend/feature/group_users/usecase/logic.go:92.2,92.12 1 0
lesgoobackend/feature/group_users/usecase/logic.go:55.16,57.3 1 0
lesgoobackend/feature/group_users/usecase/logic.go:67.16,69.3 1 0
lesgoobackend/feature/group_users/usecase/logic.go:72.16,74.3 1 0
lesgoobackend/feature/group_users/usecase/logic.go:84.16,86.3 1 0
lesgoobackend/feature/group_users/usecase/logic.go:88.47,90.3 1 0
